2025-11-12 22:46:37,271 - PolymarketDataFetcher - INFO - ============================================================
2025-11-12 22:46:37,271 - PolymarketDataFetcher - INFO - Starting WHALE-FOCUSED Polymarket data load...
2025-11-12 22:46:37,271 - PolymarketDataFetcher - INFO - Time: 2025-11-12 22:46:37.271817
2025-11-12 22:46:37,271 - PolymarketDataFetcher - INFO - ============================================================
2025-11-12 22:46:37,272 - DatabaseManager - INFO - Database backed up to: polymarket_terminal.db.backup_20251112_224637
2025-11-12 22:46:37,272 - PolymarketDataFetcher - INFO - Database backed up to: polymarket_terminal.db.backup_20251112_224637
2025-11-12 22:46:37,272 - PolymarketDataFetcher - INFO - 
 Phase 1: Fetching Tags...
2025-11-12 22:46:37,272 - TagsManager - INFO - Starting to fetch all tags...
2025-11-12 22:46:37,647 - TagsManager - INFO - Fetched and stored 300 tags
2025-11-12 22:46:37,649 - PolymarketDataFetcher - INFO - âœ… Tags fetched: 300
2025-11-12 22:46:37,649 - PolymarketDataFetcher - INFO -    Cleaning up closed events...
2025-11-12 22:46:37,649 - EventsManager - INFO - Removing closed events from database...
2025-11-12 22:46:37,650 - EventsManager - INFO - Found 0 closed events to remove
2025-11-12 22:46:37,650 - EventsManager - INFO - No closed events to remove
2025-11-12 22:46:37,650 - PolymarketDataFetcher - INFO - \ˆ Phase 2: Fetching Active Events...
2025-11-12 22:46:37,650 - EventsManager - INFO - Starting MULTITHREADED fetch of active events (5 threads)...
2025-11-12 22:46:38,902 - EventsManager - INFO - First batch: 100 events. Fetching remaining batches...
2025-11-12 22:46:41,701 - EventsManager - INFO - Fetched 10 batches, total: 1100 events
2025-11-12 22:46:43,049 - EventsManager - INFO - Fetched 20 batches, total: 2100 events
2025-11-12 22:46:44,690 - EventsManager - INFO - Fetched 30 batches, total: 3100 events
2025-11-12 22:46:46,455 - EventsManager - INFO - Fetched 40 batches, total: 4100 events
2025-11-12 22:46:46,458 - EventsManager - INFO - Empty batch at offset 4300, stopping
2025-11-12 22:46:46,459 - EventsManager - INFO - ✅ Total active events fetched: 4100 (using 5 threads)
2025-11-12 22:46:46,459 - PolymarketDataFetcher - INFO - âœ… Active events fetched: 4100
2025-11-12 22:46:46,459 - PolymarketDataFetcher - INFO -    Cleaning up closed events...
2025-11-12 22:46:46,459 - EventsManager - INFO - Removing closed events from database...
2025-11-12 22:46:46,489 - EventsManager - INFO - Found 0 closed events to remove
2025-11-12 22:46:46,489 - EventsManager - INFO - No closed events to remove
2025-11-12 22:46:46,489 - PolymarketDataFetcher - INFO - 
 Phase 3: Fetching Markets...
2025-11-12 22:46:46,489 - MarketsManager - INFO - Fetching markets for 4100 events using 20 threads...
2025-11-12 22:46:48,760 - MarketsManager - INFO - Progress: 10/4100 events processed
2025-11-12 22:46:48,847 - MarketsManager - INFO - Progress: 20/4100 events processed
2025-11-12 22:46:49,006 - MarketsManager - INFO - Progress: 30/4100 events processed
2025-11-12 22:46:50,730 - MarketsManager - INFO - Progress: 40/4100 events processed
2025-11-12 22:46:51,057 - MarketsManager - INFO - Progress: 50/4100 events processed
2025-11-12 22:46:52,541 - MarketsManager - INFO - Progress: 60/4100 events processed
2025-11-12 22:46:52,927 - MarketsManager - INFO - Progress: 70/4100 events processed
2025-11-12 22:46:54,373 - MarketsManager - INFO - Progress: 80/4100 events processed
2025-11-12 22:46:54,784 - MarketsManager - INFO - Progress: 90/4100 events processed
2025-11-12 22:46:56,333 - MarketsManager - INFO - Progress: 100/4100 events processed
2025-11-12 22:46:56,593 - MarketsManager - INFO - Progress: 110/4100 events processed
2025-11-12 22:46:58,275 - MarketsManager - INFO - Progress: 120/4100 events processed
2025-11-12 22:46:58,443 - MarketsManager - INFO - Progress: 130/4100 events processed
2025-11-12 22:47:00,279 - MarketsManager - INFO - Progress: 140/4100 events processed
2025-11-12 22:47:00,388 - MarketsManager - INFO - Progress: 150/4100 events processed
2025-11-12 22:47:01,069 - MarketsManager - INFO - Progress: 160/4100 events processed
2025-11-12 22:47:02,348 - MarketsManager - INFO - Progress: 170/4100 events processed
2025-11-12 22:47:02,996 - MarketsManager - INFO - Progress: 180/4100 events processed
2025-11-12 22:47:04,160 - MarketsManager - INFO - Progress: 190/4100 events processed
2025-11-12 22:47:04,560 - MarketsManager - INFO - Progress: 200/4100 events processed
2025-11-12 22:47:06,070 - MarketsManager - INFO - Progress: 210/4100 events processed
2025-11-12 22:47:06,422 - MarketsManager - INFO - Progress: 220/4100 events processed
2025-11-12 22:47:07,890 - MarketsManager - INFO - Progress: 230/4100 events processed
2025-11-12 22:47:08,321 - MarketsManager - INFO - Progress: 240/4100 events processed
2025-11-12 22:47:09,652 - MarketsManager - INFO - Progress: 250/4100 events processed
2025-11-12 22:47:10,102 - MarketsManager - INFO - Progress: 260/4100 events processed
2025-11-12 22:47:11,532 - MarketsManager - INFO - Progress: 270/4100 events processed
2025-11-12 22:47:11,782 - MarketsManager - INFO - Progress: 280/4100 events processed
2025-11-12 22:47:13,159 - MarketsManager - INFO - Progress: 290/4100 events processed
2025-11-12 22:47:13,650 - MarketsManager - INFO - Progress: 300/4100 events processed
2025-11-12 22:47:14,917 - MarketsManager - INFO - Progress: 310/4100 events processed
2025-11-12 22:47:15,366 - MarketsManager - INFO - Progress: 320/4100 events processed
2025-11-12 22:47:16,577 - MarketsManager - INFO - Progress: 330/4100 events processed
2025-11-12 22:47:16,932 - MarketsManager - INFO - Progress: 340/4100 events processed
2025-11-12 22:47:18,350 - MarketsManager - INFO - Progress: 350/4100 events processed
2025-11-12 22:47:18,591 - MarketsManager - INFO - Progress: 360/4100 events processed
2025-11-12 22:47:20,277 - MarketsManager - INFO - Progress: 370/4100 events processed
2025-11-12 22:47:20,540 - MarketsManager - INFO - Progress: 380/4100 events processed
2025-11-12 22:47:22,009 - MarketsManager - INFO - Progress: 390/4100 events processed
2025-11-12 22:47:22,433 - MarketsManager - INFO - Progress: 400/4100 events processed
2025-11-12 22:47:23,912 - MarketsManager - INFO - Progress: 410/4100 events processed
2025-11-12 22:47:24,391 - MarketsManager - INFO - Progress: 420/4100 events processed
2025-11-12 22:47:25,905 - MarketsManager - INFO - Progress: 430/4100 events processed
2025-11-12 22:47:26,422 - MarketsManager - INFO - Progress: 440/4100 events processed
2025-11-12 22:47:27,796 - MarketsManager - INFO - Progress: 450/4100 events processed
2025-11-12 22:47:28,422 - MarketsManager - INFO - Progress: 460/4100 events processed
2025-11-12 22:47:29,130 - MarketsManager - INFO - Progress: 470/4100 events processed
2025-11-12 22:47:30,061 - MarketsManager - INFO - Progress: 480/4100 events processed
2025-11-12 22:47:30,776 - MarketsManager - INFO - Progress: 490/4100 events processed
2025-11-12 22:47:31,798 - MarketsManager - INFO - Progress: 500/4100 events processed
2025-11-12 22:47:32,459 - MarketsManager - INFO - Progress: 510/4100 events processed
2025-11-12 22:47:33,662 - MarketsManager - INFO - Progress: 520/4100 events processed
2025-11-12 22:47:34,197 - MarketsManager - INFO - Progress: 530/4100 events processed
2025-11-12 22:47:35,555 - MarketsManager - INFO - Progress: 540/4100 events processed
2025-11-12 22:47:36,028 - MarketsManager - INFO - Progress: 550/4100 events processed
2025-11-12 22:47:37,373 - MarketsManager - INFO - Progress: 560/4100 events processed
2025-11-12 22:47:37,666 - MarketsManager - INFO - Progress: 570/4100 events processed
2025-11-12 22:47:39,215 - MarketsManager - INFO - Progress: 580/4100 events processed
2025-11-12 22:47:39,468 - MarketsManager - INFO - Progress: 590/4100 events processed
2025-11-12 22:47:41,013 - MarketsManager - INFO - Progress: 600/4100 events processed
2025-11-12 22:47:41,400 - MarketsManager - INFO - Progress: 610/4100 events processed
2025-11-12 22:47:42,838 - MarketsManager - INFO - Progress: 620/4100 events processed
2025-11-12 22:47:43,316 - MarketsManager - INFO - Progress: 630/4100 events processed
2025-11-12 22:47:44,681 - MarketsManager - INFO - Progress: 640/4100 events processed
2025-11-12 22:47:45,130 - MarketsManager - INFO - Progress: 650/4100 events processed
2025-11-12 22:47:46,425 - MarketsManager - INFO - Progress: 660/4100 events processed
2025-11-12 22:47:46,986 - MarketsManager - INFO - Progress: 670/4100 events processed
2025-11-12 22:47:48,352 - MarketsManager - INFO - Progress: 680/4100 events processed
2025-11-12 22:47:48,796 - MarketsManager - INFO - Progress: 690/4100 events processed
2025-11-12 22:47:50,095 - MarketsManager - INFO - Progress: 700/4100 events processed
2025-11-12 22:47:50,700 - MarketsManager - INFO - Progress: 710/4100 events processed
2025-11-12 22:47:51,858 - MarketsManager - INFO - Progress: 720/4100 events processed
2025-11-12 22:47:52,447 - MarketsManager - INFO - Progress: 730/4100 events processed
2025-11-12 22:47:53,752 - MarketsManager - INFO - Progress: 740/4100 events processed
2025-11-12 22:47:54,328 - MarketsManager - INFO - Progress: 750/4100 events processed
2025-11-12 22:47:55,361 - MarketsManager - INFO - Progress: 760/4100 events processed
2025-11-12 22:47:56,116 - MarketsManager - INFO - Progress: 770/4100 events processed
2025-11-12 22:47:57,159 - MarketsManager - INFO - Progress: 780/4100 events processed
2025-11-12 22:47:57,938 - MarketsManager - INFO - Progress: 790/4100 events processed
2025-11-12 22:47:58,930 - MarketsManager - INFO - Progress: 800/4100 events processed
2025-11-12 22:47:59,768 - MarketsManager - INFO - Progress: 810/4100 events processed
2025-11-12 22:48:00,799 - MarketsManager - INFO - Progress: 820/4100 events processed
2025-11-12 22:48:01,668 - MarketsManager - INFO - Progress: 830/4100 events processed
2025-11-12 22:48:02,694 - MarketsManager - INFO - Progress: 840/4100 events processed
2025-11-12 22:48:03,532 - MarketsManager - INFO - Progress: 850/4100 events processed
2025-11-12 22:48:04,444 - MarketsManager - INFO - Progress: 860/4100 events processed
2025-11-12 22:48:05,335 - MarketsManager - INFO - Progress: 870/4100 events processed
2025-11-12 22:48:06,169 - MarketsManager - INFO - Progress: 880/4100 events processed
2025-11-12 22:48:06,950 - MarketsManager - INFO - Progress: 890/4100 events processed
2025-11-12 22:48:07,973 - MarketsManager - INFO - Progress: 900/4100 events processed
2025-11-12 22:48:08,726 - MarketsManager - INFO - Progress: 910/4100 events processed
2025-11-12 22:48:09,719 - MarketsManager - INFO - Progress: 920/4100 events processed
2025-11-12 22:48:10,545 - MarketsManager - INFO - Progress: 930/4100 events processed
2025-11-12 22:48:11,446 - MarketsManager - INFO - Progress: 940/4100 events processed
2025-11-12 22:48:12,346 - MarketsManager - INFO - Progress: 950/4100 events processed
2025-11-12 22:48:13,359 - MarketsManager - INFO - Progress: 960/4100 events processed
2025-11-12 22:48:14,205 - MarketsManager - INFO - Progress: 970/4100 events processed
2025-11-12 22:48:15,183 - MarketsManager - INFO - Progress: 980/4100 events processed
2025-11-12 22:48:15,960 - MarketsManager - INFO - Progress: 990/4100 events processed
2025-11-12 22:48:16,908 - MarketsManager - INFO - Progress: 1000/4100 events processed
2025-11-12 22:48:17,695 - MarketsManager - INFO - Progress: 1010/4100 events processed
2025-11-12 22:48:18,609 - MarketsManager - INFO - Progress: 1020/4100 events processed
2025-11-12 22:48:19,567 - MarketsManager - INFO - Progress: 1030/4100 events processed
2025-11-12 22:48:20,553 - MarketsManager - INFO - Progress: 1040/4100 events processed
2025-11-12 22:48:21,427 - MarketsManager - INFO - Progress: 1050/4100 events processed
2025-11-12 22:48:22,337 - MarketsManager - INFO - Progress: 1060/4100 events processed
2025-11-12 22:48:23,344 - MarketsManager - INFO - Progress: 1070/4100 events processed
2025-11-12 22:48:23,955 - MarketsManager - INFO - Progress: 1080/4100 events processed
2025-11-12 22:48:25,176 - MarketsManager - INFO - Progress: 1090/4100 events processed
2025-11-12 22:48:25,620 - MarketsManager - INFO - Progress: 1100/4100 events processed
2025-11-12 22:48:26,608 - MarketsManager - INFO - Progress: 1110/4100 events processed
2025-11-12 22:48:27,446 - MarketsManager - INFO - Progress: 1120/4100 events processed
2025-11-12 22:48:28,335 - MarketsManager - INFO - Progress: 1130/4100 events processed
2025-11-12 22:48:29,328 - MarketsManager - INFO - Progress: 1140/4100 events processed
2025-11-12 22:48:30,199 - MarketsManager - INFO - Progress: 1150/4100 events processed
2025-11-12 22:48:31,293 - MarketsManager - INFO - Progress: 1160/4100 events processed
2025-11-12 22:48:32,205 - MarketsManager - INFO - Progress: 1170/4100 events processed
2025-11-12 22:48:33,220 - MarketsManager - INFO - Progress: 1180/4100 events processed
2025-11-12 22:48:34,138 - MarketsManager - INFO - Progress: 1190/4100 events processed
2025-11-12 22:48:34,897 - MarketsManager - INFO - Progress: 1200/4100 events processed
2025-11-12 22:48:35,885 - MarketsManager - INFO - Progress: 1210/4100 events processed
2025-11-12 22:48:36,774 - MarketsManager - INFO - Progress: 1220/4100 events processed
2025-11-12 22:48:37,868 - MarketsManager - INFO - Progress: 1230/4100 events processed
2025-11-12 22:48:38,656 - MarketsManager - INFO - Progress: 1240/4100 events processed
2025-11-12 22:48:39,763 - MarketsManager - INFO - Progress: 1250/4100 events processed
2025-11-12 22:48:40,490 - MarketsManager - INFO - Progress: 1260/4100 events processed
2025-11-12 22:48:41,615 - MarketsManager - INFO - Progress: 1270/4100 events processed
2025-11-12 22:48:42,506 - MarketsManager - INFO - Progress: 1280/4100 events processed
2025-11-12 22:48:43,530 - MarketsManager - INFO - Progress: 1290/4100 events processed
2025-11-12 22:48:44,562 - MarketsManager - INFO - Progress: 1300/4100 events processed
2025-11-12 22:48:44,771 - MarketsManager - INFO - Progress: 1310/4100 events processed
2025-11-12 22:48:46,432 - MarketsManager - INFO - Progress: 1320/4100 events processed
2025-11-12 22:48:46,778 - MarketsManager - INFO - Progress: 1330/4100 events processed
2025-11-12 22:48:48,281 - MarketsManager - INFO - Progress: 1340/4100 events processed
2025-11-12 22:48:48,781 - MarketsManager - INFO - Progress: 1350/4100 events processed
2025-11-12 22:48:50,176 - MarketsManager - INFO - Progress: 1360/4100 events processed
2025-11-12 22:48:50,778 - MarketsManager - INFO - Progress: 1370/4100 events processed
2025-11-12 22:48:52,159 - MarketsManager - INFO - Progress: 1380/4100 events processed
2025-11-12 22:48:52,701 - MarketsManager - INFO - Progress: 1390/4100 events processed
2025-11-12 22:48:54,238 - MarketsManager - INFO - Progress: 1400/4100 events processed
2025-11-12 22:48:54,673 - MarketsManager - INFO - Progress: 1410/4100 events processed
2025-11-12 22:48:56,142 - MarketsManager - INFO - Progress: 1420/4100 events processed
2025-11-12 22:48:56,495 - MarketsManager - INFO - Progress: 1430/4100 events processed
2025-11-12 22:48:57,220 - MarketsManager - INFO - Progress: 1440/4100 events processed
2025-11-12 22:48:58,551 - MarketsManager - INFO - Progress: 1450/4100 events processed
2025-11-12 22:48:59,029 - MarketsManager - INFO - Progress: 1460/4100 events processed
2025-11-12 22:49:00,486 - MarketsManager - INFO - Progress: 1470/4100 events processed
2025-11-12 22:49:00,952 - MarketsManager - INFO - Progress: 1480/4100 events processed
2025-11-12 22:49:02,483 - MarketsManager - INFO - Progress: 1490/4100 events processed
2025-11-12 22:49:02,962 - MarketsManager - INFO - Progress: 1500/4100 events processed
2025-11-12 22:49:04,496 - MarketsManager - INFO - Progress: 1510/4100 events processed
2025-11-12 22:49:04,733 - MarketsManager - INFO - Progress: 1520/4100 events processed
2025-11-12 22:49:06,496 - MarketsManager - INFO - Progress: 1530/4100 events processed
2025-11-12 22:49:06,700 - MarketsManager - INFO - Progress: 1540/4100 events processed
2025-11-12 22:49:08,432 - MarketsManager - INFO - Progress: 1550/4100 events processed
2025-11-12 22:49:08,775 - MarketsManager - INFO - Progress: 1560/4100 events processed
2025-11-12 22:49:10,379 - MarketsManager - INFO - Progress: 1570/4100 events processed
2025-11-12 22:49:10,904 - MarketsManager - INFO - Progress: 1580/4100 events processed
2025-11-12 22:49:12,300 - MarketsManager - INFO - Progress: 1590/4100 events processed
2025-11-12 22:49:12,801 - MarketsManager - INFO - Progress: 1600/4100 events processed
2025-11-12 22:49:14,322 - MarketsManager - INFO - Progress: 1610/4100 events processed
2025-11-12 22:49:14,735 - MarketsManager - INFO - Progress: 1620/4100 events processed
2025-11-12 22:49:16,233 - MarketsManager - INFO - Progress: 1630/4100 events processed
2025-11-12 22:49:16,803 - MarketsManager - INFO - Progress: 1640/4100 events processed
2025-11-12 22:49:18,215 - MarketsManager - INFO - Progress: 1650/4100 events processed
2025-11-12 22:49:18,719 - MarketsManager - INFO - Progress: 1660/4100 events processed
2025-11-12 22:49:20,082 - MarketsManager - INFO - Progress: 1670/4100 events processed
2025-11-12 22:49:20,645 - MarketsManager - INFO - Progress: 1680/4100 events processed
2025-11-12 22:49:22,152 - MarketsManager - INFO - Progress: 1690/4100 events processed
2025-11-12 22:49:22,567 - MarketsManager - INFO - Progress: 1700/4100 events processed
2025-11-12 22:49:24,055 - MarketsManager - INFO - Progress: 1710/4100 events processed
2025-11-12 22:49:24,495 - MarketsManager - INFO - Progress: 1720/4100 events processed
2025-11-12 22:49:25,963 - MarketsManager - INFO - Progress: 1730/4100 events processed
2025-11-12 22:49:26,538 - MarketsManager - INFO - Progress: 1740/4100 events processed
2025-11-12 22:49:27,949 - MarketsManager - INFO - Progress: 1750/4100 events processed
2025-11-12 22:49:28,585 - MarketsManager - INFO - Progress: 1760/4100 events processed
2025-11-12 22:49:29,863 - MarketsManager - INFO - Progress: 1770/4100 events processed
2025-11-12 22:49:30,536 - MarketsManager - INFO - Progress: 1780/4100 events processed
2025-11-12 22:49:31,823 - MarketsManager - INFO - Progress: 1790/4100 events processed
2025-11-12 22:49:32,326 - MarketsManager - INFO - Progress: 1800/4100 events processed
2025-11-12 22:49:33,714 - MarketsManager - INFO - Progress: 1810/4100 events processed
2025-11-12 22:49:34,334 - MarketsManager - INFO - Progress: 1820/4100 events processed
2025-11-12 22:49:35,630 - MarketsManager - INFO - Progress: 1830/4100 events processed
2025-11-12 22:49:36,296 - MarketsManager - INFO - Progress: 1840/4100 events processed
2025-11-12 22:49:37,463 - MarketsManager - INFO - Progress: 1850/4100 events processed
2025-11-12 22:49:38,197 - MarketsManager - INFO - Progress: 1860/4100 events processed
2025-11-12 22:49:39,577 - MarketsManager - INFO - Progress: 1870/4100 events processed
2025-11-12 22:49:40,094 - MarketsManager - INFO - Progress: 1880/4100 events processed
2025-11-12 22:49:41,520 - MarketsManager - INFO - Progress: 1890/4100 events processed
2025-11-12 22:49:42,121 - MarketsManager - INFO - Progress: 1900/4100 events processed
2025-11-12 22:49:43,434 - MarketsManager - INFO - Progress: 1910/4100 events processed
2025-11-12 22:49:44,205 - MarketsManager - INFO - Progress: 1920/4100 events processed
2025-11-12 22:49:45,406 - MarketsManager - INFO - Progress: 1930/4100 events processed
2025-11-12 22:49:46,065 - MarketsManager - INFO - Progress: 1940/4100 events processed
2025-11-12 22:49:47,409 - MarketsManager - INFO - Progress: 1950/4100 events processed
2025-11-12 22:49:47,843 - MarketsManager - INFO - Progress: 1960/4100 events processed
2025-11-12 22:49:49,307 - MarketsManager - INFO - Progress: 1970/4100 events processed
2025-11-12 22:49:49,735 - MarketsManager - INFO - Progress: 1980/4100 events processed
2025-11-12 22:49:51,226 - MarketsManager - INFO - Progress: 1990/4100 events processed
2025-11-12 22:49:51,741 - MarketsManager - INFO - Progress: 2000/4100 events processed
2025-11-12 22:49:53,108 - MarketsManager - INFO - Progress: 2010/4100 events processed
2025-11-12 22:49:53,599 - MarketsManager - INFO - Progress: 2020/4100 events processed
2025-11-12 22:49:55,099 - MarketsManager - INFO - Progress: 2030/4100 events processed
2025-11-12 22:49:55,568 - MarketsManager - INFO - Progress: 2040/4100 events processed
2025-11-12 22:49:56,925 - MarketsManager - INFO - Progress: 2050/4100 events processed
2025-11-12 22:49:57,573 - MarketsManager - INFO - Progress: 2060/4100 events processed
2025-11-12 22:49:58,984 - MarketsManager - INFO - Progress: 2070/4100 events processed
2025-11-12 22:49:59,538 - MarketsManager - INFO - Progress: 2080/4100 events processed
2025-11-12 22:50:00,932 - MarketsManager - INFO - Progress: 2090/4100 events processed
2025-11-12 22:50:01,581 - MarketsManager - INFO - Progress: 2100/4100 events processed
2025-11-12 22:50:02,846 - MarketsManager - INFO - Progress: 2110/4100 events processed
2025-11-12 22:50:03,591 - MarketsManager - INFO - Progress: 2120/4100 events processed
2025-11-12 22:50:04,623 - MarketsManager - INFO - Progress: 2130/4100 events processed
2025-11-12 22:50:05,420 - MarketsManager - INFO - Progress: 2140/4100 events processed
2025-11-12 22:50:06,517 - MarketsManager - INFO - Progress: 2150/4100 events processed
2025-11-12 22:50:07,415 - MarketsManager - INFO - Progress: 2160/4100 events processed
2025-11-12 22:50:08,544 - MarketsManager - INFO - Progress: 2170/4100 events processed
2025-11-12 22:50:09,331 - MarketsManager - INFO - Progress: 2180/4100 events processed
2025-11-12 22:50:10,528 - MarketsManager - INFO - Progress: 2190/4100 events processed
2025-11-12 22:50:11,236 - MarketsManager - INFO - Progress: 2200/4100 events processed
2025-11-12 22:50:12,441 - MarketsManager - INFO - Progress: 2210/4100 events processed
2025-11-12 22:50:13,178 - MarketsManager - INFO - Progress: 2220/4100 events processed
2025-11-12 22:50:14,480 - MarketsManager - INFO - Progress: 2230/4100 events processed
2025-11-12 22:50:15,208 - MarketsManager - INFO - Progress: 2240/4100 events processed
2025-11-12 22:50:16,349 - MarketsManager - INFO - Progress: 2250/4100 events processed
2025-11-12 22:50:17,125 - MarketsManager - INFO - Progress: 2260/4100 events processed
2025-11-12 22:50:18,258 - MarketsManager - INFO - Progress: 2270/4100 events processed
2025-11-12 22:50:19,094 - MarketsManager - INFO - Progress: 2280/4100 events processed
2025-11-12 22:50:20,249 - MarketsManager - INFO - Progress: 2290/4100 events processed
2025-11-12 22:50:21,113 - MarketsManager - INFO - Progress: 2300/4100 events processed
2025-11-12 22:50:22,160 - MarketsManager - INFO - Progress: 2310/4100 events processed
2025-11-12 22:50:23,074 - MarketsManager - INFO - Progress: 2320/4100 events processed
2025-11-12 22:50:24,308 - MarketsManager - INFO - Progress: 2330/4100 events processed
2025-11-12 22:50:25,006 - MarketsManager - INFO - Progress: 2340/4100 events processed
2025-11-12 22:50:26,316 - MarketsManager - INFO - Progress: 2350/4100 events processed
2025-11-12 22:50:26,996 - MarketsManager - INFO - Progress: 2360/4100 events processed
2025-11-12 22:50:28,331 - MarketsManager - INFO - Progress: 2370/4100 events processed
2025-11-12 22:50:28,964 - MarketsManager - INFO - Progress: 2380/4100 events processed
2025-11-12 22:50:30,313 - MarketsManager - INFO - Progress: 2390/4100 events processed
2025-11-12 22:50:31,039 - MarketsManager - INFO - Progress: 2400/4100 events processed
2025-11-12 22:50:32,249 - MarketsManager - INFO - Progress: 2410/4100 events processed
2025-11-12 22:50:32,918 - MarketsManager - INFO - Progress: 2420/4100 events processed
2025-11-12 22:50:34,167 - MarketsManager - INFO - Progress: 2430/4100 events processed
2025-11-12 22:50:35,084 - MarketsManager - INFO - Progress: 2440/4100 events processed
2025-11-12 22:50:35,912 - MarketsManager - INFO - Progress: 2450/4100 events processed
2025-11-12 22:50:36,931 - MarketsManager - INFO - Progress: 2460/4100 events processed
2025-11-12 22:50:37,906 - MarketsManager - INFO - Progress: 2470/4100 events processed
2025-11-12 22:50:38,943 - MarketsManager - INFO - Progress: 2480/4100 events processed
2025-11-12 22:50:39,861 - MarketsManager - INFO - Progress: 2490/4100 events processed
2025-11-12 22:50:40,838 - MarketsManager - INFO - Progress: 2500/4100 events processed
2025-11-12 22:50:41,782 - MarketsManager - INFO - Progress: 2510/4100 events processed
2025-11-12 22:50:42,808 - MarketsManager - INFO - Progress: 2520/4100 events processed
2025-11-12 22:50:43,751 - MarketsManager - INFO - Progress: 2530/4100 events processed
2025-11-12 22:50:44,723 - MarketsManager - INFO - Progress: 2540/4100 events processed
2025-11-12 22:50:45,690 - MarketsManager - INFO - Progress: 2550/4100 events processed
2025-11-12 22:50:46,699 - MarketsManager - INFO - Progress: 2560/4100 events processed
2025-11-12 22:50:47,578 - MarketsManager - INFO - Progress: 2570/4100 events processed
2025-11-12 22:50:48,706 - MarketsManager - INFO - Progress: 2580/4100 events processed
2025-11-12 22:50:49,560 - MarketsManager - INFO - Progress: 2590/4100 events processed
2025-11-12 22:50:50,580 - MarketsManager - INFO - Progress: 2600/4100 events processed
2025-11-12 22:50:51,457 - MarketsManager - INFO - Progress: 2610/4100 events processed
2025-11-12 22:50:52,504 - MarketsManager - INFO - Progress: 2620/4100 events processed
2025-11-12 22:50:53,472 - MarketsManager - INFO - Progress: 2630/4100 events processed
2025-11-12 22:50:54,395 - MarketsManager - INFO - Progress: 2640/4100 events processed
2025-11-12 22:50:55,395 - MarketsManager - INFO - Progress: 2650/4100 events processed
2025-11-12 22:50:56,364 - MarketsManager - INFO - Progress: 2660/4100 events processed
2025-11-12 22:50:57,355 - MarketsManager - INFO - Progress: 2670/4100 events processed
2025-11-12 22:50:58,346 - MarketsManager - INFO - Progress: 2680/4100 events processed
2025-11-12 22:50:59,311 - MarketsManager - INFO - Progress: 2690/4100 events processed
2025-11-12 22:51:00,237 - MarketsManager - INFO - Progress: 2700/4100 events processed
2025-11-12 22:51:01,214 - MarketsManager - INFO - Progress: 2710/4100 events processed
2025-11-12 22:51:02,194 - MarketsManager - INFO - Progress: 2720/4100 events processed
2025-11-12 22:51:03,147 - MarketsManager - INFO - Progress: 2730/4100 events processed
2025-11-12 22:51:04,345 - MarketsManager - INFO - Progress: 2740/4100 events processed
2025-11-12 22:51:05,043 - MarketsManager - INFO - Progress: 2750/4100 events processed
2025-11-12 22:51:06,178 - MarketsManager - INFO - Progress: 2760/4100 events processed
2025-11-12 22:51:06,923 - MarketsManager - INFO - Progress: 2770/4100 events processed
2025-11-12 22:51:08,184 - MarketsManager - INFO - Progress: 2780/4100 events processed
2025-11-12 22:51:08,920 - MarketsManager - INFO - Progress: 2790/4100 events processed
2025-11-12 22:51:10,072 - MarketsManager - INFO - Progress: 2800/4100 events processed
2025-11-12 22:51:10,810 - MarketsManager - INFO - Progress: 2810/4100 events processed
2025-11-12 22:51:12,074 - MarketsManager - INFO - Progress: 2820/4100 events processed
2025-11-12 22:51:12,683 - MarketsManager - INFO - Progress: 2830/4100 events processed
2025-11-12 22:51:14,013 - MarketsManager - INFO - Progress: 2840/4100 events processed
2025-11-12 22:51:14,688 - MarketsManager - INFO - Progress: 2850/4100 events processed
2025-11-12 22:51:15,977 - MarketsManager - INFO - Progress: 2860/4100 events processed
2025-11-12 22:51:16,574 - MarketsManager - INFO - Progress: 2870/4100 events processed
2025-11-12 22:51:17,929 - MarketsManager - INFO - Progress: 2880/4100 events processed
2025-11-12 22:51:18,482 - MarketsManager - INFO - Progress: 2890/4100 events processed
2025-11-12 22:51:19,805 - MarketsManager - INFO - Progress: 2900/4100 events processed
2025-11-12 22:51:20,431 - MarketsManager - INFO - Progress: 2910/4100 events processed
2025-11-12 22:51:21,836 - MarketsManager - INFO - Progress: 2920/4100 events processed
2025-11-12 22:51:22,392 - MarketsManager - INFO - Progress: 2930/4100 events processed
2025-11-12 22:51:23,736 - MarketsManager - INFO - Progress: 2940/4100 events processed
2025-11-12 22:51:24,334 - MarketsManager - INFO - Progress: 2950/4100 events processed
2025-11-12 22:51:25,685 - MarketsManager - INFO - Progress: 2960/4100 events processed
2025-11-12 22:51:26,273 - MarketsManager - INFO - Progress: 2970/4100 events processed
2025-11-12 22:51:27,597 - MarketsManager - INFO - Progress: 2980/4100 events processed
2025-11-12 22:51:28,214 - MarketsManager - INFO - Progress: 2990/4100 events processed
2025-11-12 22:51:29,492 - MarketsManager - INFO - Progress: 3000/4100 events processed
2025-11-12 22:51:30,157 - MarketsManager - INFO - Progress: 3010/4100 events processed
2025-11-12 22:51:31,434 - MarketsManager - INFO - Progress: 3020/4100 events processed
2025-11-12 22:51:32,103 - MarketsManager - INFO - Progress: 3030/4100 events processed
2025-11-12 22:51:33,324 - MarketsManager - INFO - Progress: 3040/4100 events processed
2025-11-12 22:51:34,055 - MarketsManager - INFO - Progress: 3050/4100 events processed
2025-11-12 22:51:35,266 - MarketsManager - INFO - Progress: 3060/4100 events processed
2025-11-12 22:51:36,067 - MarketsManager - INFO - Progress: 3070/4100 events processed
2025-11-12 22:51:37,178 - MarketsManager - INFO - Progress: 3080/4100 events processed
2025-11-12 22:51:37,972 - MarketsManager - INFO - Progress: 3090/4100 events processed
2025-11-12 22:51:39,154 - MarketsManager - INFO - Progress: 3100/4100 events processed
2025-11-12 22:51:39,876 - MarketsManager - INFO - Progress: 3110/4100 events processed
2025-11-12 22:51:41,036 - MarketsManager - INFO - Progress: 3120/4100 events processed
2025-11-12 22:51:41,671 - MarketsManager - INFO - Progress: 3130/4100 events processed
2025-11-12 22:51:42,964 - MarketsManager - INFO - Progress: 3140/4100 events processed
2025-11-12 22:51:43,531 - MarketsManager - INFO - Progress: 3150/4100 events processed
2025-11-12 22:51:44,602 - MarketsManager - INFO - Progress: 3160/4100 events processed
2025-11-12 22:51:45,133 - MarketsManager - INFO - Progress: 3170/4100 events processed
2025-11-12 22:51:46,205 - MarketsManager - INFO - Progress: 3180/4100 events processed
2025-11-12 22:51:46,676 - MarketsManager - INFO - Progress: 3190/4100 events processed
2025-11-12 22:51:48,042 - MarketsManager - INFO - Progress: 3200/4100 events processed
2025-11-12 22:51:48,524 - MarketsManager - INFO - Progress: 3210/4100 events processed
2025-11-12 22:51:49,873 - MarketsManager - INFO - Progress: 3220/4100 events processed
2025-11-12 22:51:50,363 - MarketsManager - INFO - Progress: 3230/4100 events processed
2025-11-12 22:51:51,415 - MarketsManager - INFO - Progress: 3240/4100 events processed
2025-11-12 22:51:52,143 - MarketsManager - INFO - Progress: 3250/4100 events processed
2025-11-12 22:51:53,342 - MarketsManager - INFO - Progress: 3260/4100 events processed
2025-11-12 22:51:54,041 - MarketsManager - INFO - Progress: 3270/4100 events processed
2025-11-12 22:51:55,255 - MarketsManager - INFO - Progress: 3280/4100 events processed
2025-11-12 22:51:56,012 - MarketsManager - INFO - Progress: 3290/4100 events processed
2025-11-12 22:51:57,185 - MarketsManager - INFO - Progress: 3300/4100 events processed
2025-11-12 22:51:57,891 - MarketsManager - INFO - Progress: 3310/4100 events processed
2025-11-12 22:51:59,203 - MarketsManager - INFO - Progress: 3320/4100 events processed
2025-11-12 22:51:59,826 - MarketsManager - INFO - Progress: 3330/4100 events processed
2025-11-12 22:52:01,089 - MarketsManager - INFO - Progress: 3340/4100 events processed
2025-11-12 22:52:01,781 - MarketsManager - INFO - Progress: 3350/4100 events processed
2025-11-12 22:52:02,871 - MarketsManager - INFO - Progress: 3360/4100 events processed
2025-11-12 22:52:03,526 - MarketsManager - INFO - Progress: 3370/4100 events processed
2025-11-12 22:52:04,810 - MarketsManager - INFO - Progress: 3380/4100 events processed
2025-11-12 22:52:05,284 - MarketsManager - INFO - Progress: 3390/4100 events processed
2025-11-12 22:52:06,777 - MarketsManager - INFO - Progress: 3400/4100 events processed
2025-11-12 22:52:07,179 - MarketsManager - INFO - Progress: 3410/4100 events processed
2025-11-12 22:52:08,409 - MarketsManager - INFO - Progress: 3420/4100 events processed
2025-11-12 22:52:08,932 - MarketsManager - INFO - Progress: 3430/4100 events processed
2025-11-12 22:52:10,311 - MarketsManager - INFO - Progress: 3440/4100 events processed
2025-11-12 22:52:11,155 - MarketsManager - INFO - Progress: 3450/4100 events processed
2025-11-12 22:52:12,104 - MarketsManager - INFO - Progress: 3460/4100 events processed
2025-11-12 22:52:12,965 - MarketsManager - INFO - Progress: 3470/4100 events processed
2025-11-12 22:52:14,115 - MarketsManager - INFO - Progress: 3480/4100 events processed
2025-11-12 22:52:14,716 - MarketsManager - INFO - Progress: 3490/4100 events processed
2025-11-12 22:52:16,104 - MarketsManager - INFO - Progress: 3500/4100 events processed
2025-11-12 22:52:16,547 - MarketsManager - INFO - Progress: 3510/4100 events processed
2025-11-12 22:52:17,897 - MarketsManager - INFO - Progress: 3520/4100 events processed
2025-11-12 22:52:18,418 - MarketsManager - INFO - Progress: 3530/4100 events processed
2025-11-12 22:52:19,660 - MarketsManager - INFO - Progress: 3540/4100 events processed
2025-11-12 22:52:20,176 - MarketsManager - INFO - Progress: 3550/4100 events processed
2025-11-12 22:52:21,613 - MarketsManager - INFO - Progress: 3560/4100 events processed
2025-11-12 22:52:22,068 - MarketsManager - INFO - Progress: 3570/4100 events processed
2025-11-12 22:52:23,188 - MarketsManager - INFO - Progress: 3580/4100 events processed
2025-11-12 22:52:23,662 - MarketsManager - INFO - Progress: 3590/4100 events processed
2025-11-12 22:52:24,906 - MarketsManager - INFO - Progress: 3600/4100 events processed
2025-11-12 22:52:25,642 - MarketsManager - INFO - Progress: 3610/4100 events processed
2025-11-12 22:52:26,867 - MarketsManager - INFO - Progress: 3620/4100 events processed
2025-11-12 22:52:27,569 - MarketsManager - INFO - Progress: 3630/4100 events processed
2025-11-12 22:52:28,779 - MarketsManager - INFO - Progress: 3640/4100 events processed
2025-11-12 22:52:29,320 - MarketsManager - INFO - Progress: 3650/4100 events processed
2025-11-12 22:52:30,521 - MarketsManager - INFO - Progress: 3660/4100 events processed
2025-11-12 22:52:31,328 - MarketsManager - INFO - Progress: 3670/4100 events processed
2025-11-12 22:52:32,424 - MarketsManager - INFO - Progress: 3680/4100 events processed
2025-11-12 22:52:32,998 - MarketsManager - INFO - Progress: 3690/4100 events processed
2025-11-12 22:52:34,338 - MarketsManager - INFO - Progress: 3700/4100 events processed
2025-11-12 22:52:34,965 - MarketsManager - INFO - Progress: 3710/4100 events processed
2025-11-12 22:52:36,261 - MarketsManager - INFO - Progress: 3720/4100 events processed
2025-11-12 22:52:36,835 - MarketsManager - INFO - Progress: 3730/4100 events processed
2025-11-12 22:52:38,134 - MarketsManager - INFO - Progress: 3740/4100 events processed
2025-11-12 22:52:38,568 - MarketsManager - INFO - Progress: 3750/4100 events processed
2025-11-12 22:52:40,009 - MarketsManager - INFO - Progress: 3760/4100 events processed
2025-11-12 22:52:40,533 - MarketsManager - INFO - Progress: 3770/4100 events processed
2025-11-12 22:52:41,908 - MarketsManager - INFO - Progress: 3780/4100 events processed
2025-11-12 22:52:42,353 - MarketsManager - INFO - Progress: 3790/4100 events processed
2025-11-12 22:52:43,760 - MarketsManager - INFO - Progress: 3800/4100 events processed
2025-11-12 22:52:44,338 - MarketsManager - INFO - Progress: 3810/4100 events processed
2025-11-12 22:52:45,581 - MarketsManager - INFO - Progress: 3820/4100 events processed
2025-11-12 22:52:46,116 - MarketsManager - INFO - Progress: 3830/4100 events processed
2025-11-12 22:52:47,282 - MarketsManager - INFO - Progress: 3840/4100 events processed
2025-11-12 22:52:47,870 - MarketsManager - INFO - Progress: 3850/4100 events processed
2025-11-12 22:52:49,342 - MarketsManager - INFO - Progress: 3860/4100 events processed
2025-11-12 22:52:49,665 - MarketsManager - INFO - Progress: 3870/4100 events processed
2025-11-12 22:52:51,172 - MarketsManager - INFO - Progress: 3880/4100 events processed
2025-11-12 22:52:51,327 - MarketsManager - INFO - Progress: 3890/4100 events processed
2025-11-12 22:52:52,829 - MarketsManager - INFO - Progress: 3900/4100 events processed
2025-11-12 22:52:53,224 - MarketsManager - INFO - Progress: 3910/4100 events processed
2025-11-12 22:52:54,815 - MarketsManager - INFO - Progress: 3920/4100 events processed
2025-11-12 22:52:55,169 - MarketsManager - INFO - Progress: 3930/4100 events processed
2025-11-12 22:52:56,630 - MarketsManager - INFO - Progress: 3940/4100 events processed
2025-11-12 22:52:57,003 - MarketsManager - INFO - Progress: 3950/4100 events processed
2025-11-12 22:52:58,378 - MarketsManager - INFO - Progress: 3960/4100 events processed
2025-11-12 22:52:58,909 - MarketsManager - INFO - Progress: 3970/4100 events processed
2025-11-12 22:53:00,265 - MarketsManager - INFO - Progress: 3980/4100 events processed
2025-11-12 22:53:00,728 - MarketsManager - INFO - Progress: 3990/4100 events processed
2025-11-12 22:53:02,040 - MarketsManager - INFO - Progress: 4000/4100 events processed
2025-11-12 22:53:02,456 - MarketsManager - INFO - Progress: 4010/4100 events processed
2025-11-12 22:53:03,997 - MarketsManager - INFO - Progress: 4020/4100 events processed
2025-11-12 22:53:04,390 - MarketsManager - INFO - Progress: 4030/4100 events processed
2025-11-12 22:53:05,717 - MarketsManager - INFO - Progress: 4040/4100 events processed
2025-11-12 22:53:06,238 - MarketsManager - INFO - Progress: 4050/4100 events processed
2025-11-12 22:53:07,662 - MarketsManager - INFO - Progress: 4060/4100 events processed
2025-11-12 22:53:08,127 - MarketsManager - INFO - Progress: 4070/4100 events processed
2025-11-12 22:53:09,534 - MarketsManager - INFO - Progress: 4080/4100 events processed
2025-11-12 22:53:09,974 - MarketsManager - INFO - Progress: 4090/4100 events processed
2025-11-12 22:53:10,163 - MarketsManager - INFO - Progress: 4100/4100 events processed
2025-11-12 22:53:10,170 - MarketsManager - INFO - Total markets fetched: 22336
2025-11-12 22:53:10,170 - MarketsManager - INFO - Errors encountered: 0
2025-11-12 22:53:10,173 - PolymarketDataFetcher - INFO - âœ… Markets fetched: 22336
2025-11-12 22:53:10,173 - PolymarketDataFetcher - INFO -    Cleaning up closed events...
2025-11-12 22:53:10,173 - EventsManager - INFO - Removing closed events from database...
2025-11-12 22:53:10,175 - EventsManager - INFO - Found 0 closed events to remove
2025-11-12 22:53:10,175 - EventsManager - INFO - No closed events to remove
2025-11-12 22:53:10,175 - PolymarketDataFetcher - INFO - 
ðŸ§¹ Phase 3.5: Cleaning Up Closed Events...
2025-11-12 22:53:10,175 - DatabaseManager - INFO - 🧹 Removing closed/inactive events and associated data...
2025-11-12 22:53:10,177 - DatabaseManager - INFO - No closed events to remove
2025-11-12 22:53:10,177 - PolymarketDataFetcher - INFO - âœ… Removed 0 closed events and associated data
2025-11-12 22:53:10,177 - PolymarketDataFetcher - INFO -    Cleaning up closed events...
2025-11-12 22:53:10,177 - EventsManager - INFO - Removing closed events from database...
2025-11-12 22:53:10,178 - EventsManager - INFO - Found 0 closed events to remove
2025-11-12 22:53:10,178 - EventsManager - INFO - No closed events to remove
2025-11-12 22:53:10,179 - PolymarketDataFetcher - INFO - 
 Phase 4: Fetching Series...
2025-11-12 22:53:10,179 - SeriesManager - INFO - Starting to fetch all series...
2025-11-12 22:53:18,019 - SeriesManager - INFO - Fetched 100 series (offset: 0)
2025-11-12 22:55:06,542 - SeriesManager - INFO - Fetched 100 series (offset: 100)
2025-11-12 22:57:49,150 - SeriesManager - INFO - Fetched 100 series (offset: 200)
2025-11-12 22:58:30,639 - SeriesManager - INFO - Fetched 100 series (offset: 300)
2025-11-12 22:58:51,370 - SeriesManager - INFO - Fetched 100 series (offset: 400)
2025-11-12 22:59:04,461 - SeriesManager - INFO - Fetched 92 series (offset: 500)
2025-11-12 22:59:04,567 - SeriesManager - INFO - Total series fetched: 592
2025-11-12 22:59:04,568 - PolymarketDataFetcher - INFO - âœ… Series fetched: 592
2025-11-12 22:59:04,568 - PolymarketDataFetcher - INFO -    Cleaning up closed events...
2025-11-12 22:59:04,568 - EventsManager - INFO - Removing closed events from database...
2025-11-12 22:59:04,685 - EventsManager - INFO - Found 49681 closed events to remove
2025-11-12 22:59:04,924 - EventsManager - INFO - Removed 49681 closed events
2025-11-12 22:59:04,925 - EventsManager - INFO - Remaining active events: 4825
2025-11-12 22:59:04,925 - PolymarketDataFetcher - INFO - 
 Phase 5: Fetching Top Holders from ALL Markets...
2025-11-12 22:59:04,926 - PolymarketDataFetcher - INFO -    Criteria: $1000+ wallet OR $250+ position
2025-11-12 22:59:04,926 - UsersManager - INFO - 🐋 Fetching top holders for all active markets with multithreading...
2025-11-12 22:59:05,211 - UsersManager - INFO - Processing 16099 markets using 20 threads...
2025-11-12 23:00:24,410 - UsersManager - INFO -   Processed 10/16099 markets, found 229 unique whales
2025-11-12 23:00:26,590 - UsersManager - INFO -   Processed 20/16099 markets, found 411 unique whales
2025-11-12 23:01:43,873 - UsersManager - INFO -   Processed 30/16099 markets, found 577 unique whales
2025-11-12 23:01:47,383 - UsersManager - INFO -   Processed 40/16099 markets, found 737 unique whales
2025-11-12 23:03:04,446 - UsersManager - INFO -   Processed 50/16099 markets, found 926 unique whales
2025-11-12 23:03:08,671 - UsersManager - INFO -   Processed 60/16099 markets, found 1138 unique whales
2025-11-12 23:04:24,484 - UsersManager - INFO -   Processed 70/16099 markets, found 1304 unique whales
2025-11-12 23:04:28,560 - UsersManager - INFO -   Processed 80/16099 markets, found 1522 unique whales
2025-11-12 23:05:42,313 - UsersManager - INFO -   Processed 90/16099 markets, found 1666 unique whales
2025-11-12 23:05:47,393 - UsersManager - INFO -   Processed 100/16099 markets, found 1821 unique whales
2025-11-12 23:06:58,514 - UsersManager - INFO -   Processed 110/16099 markets, found 1947 unique whales
2025-11-12 23:07:04,585 - UsersManager - INFO -   Processed 120/16099 markets, found 2118 unique whales
2025-11-12 23:08:16,405 - UsersManager - INFO -   Processed 130/16099 markets, found 2214 unique whales
2025-11-12 23:08:21,864 - UsersManager - INFO -   Processed 140/16099 markets, found 2422 unique whales
2025-11-12 23:09:25,527 - UsersManager - INFO -   Processed 150/16099 markets, found 2536 unique whales
2025-11-12 23:09:32,973 - UsersManager - INFO -   Processed 160/16099 markets, found 2653 unique whales
2025-11-12 23:10:18,993 - UsersManager - INFO -   Processed 170/16099 markets, found 2759 unique whales
2025-11-12 23:10:23,348 - UsersManager - INFO -   Processed 180/16099 markets, found 2780 unique whales
2025-11-12 23:10:25,147 - UsersManager - INFO -   Processed 190/16099 markets, found 2780 unique whales
2025-11-12 23:10:27,932 - UsersManager - INFO -   Processed 200/16099 markets, found 2814 unique whales
2025-11-12 23:10:30,127 - UsersManager - INFO -   Processed 210/16099 markets, found 2814 unique whales
2025-11-12 23:10:31,816 - UsersManager - INFO -   Processed 220/16099 markets, found 2814 unique whales
2025-11-12 23:10:33,288 - UsersManager - INFO -   Processed 230/16099 markets, found 2839 unique whales
2025-11-12 23:10:34,980 - UsersManager - INFO -   Processed 240/16099 markets, found 2850 unique whales
2025-11-12 23:10:36,138 - UsersManager - INFO -   Processed 250/16099 markets, found 2850 unique whales
2025-11-12 23:10:37,159 - UsersManager - INFO -   Processed 260/16099 markets, found 2917 unique whales
2025-11-12 23:10:37,740 - UsersManager - INFO -   Processed 270/16099 markets, found 2942 unique whales
2025-11-12 23:10:38,954 - UsersManager - INFO -   Processed 280/16099 markets, found 2942 unique whales
2025-11-12 23:10:39,671 - UsersManager - INFO -   Processed 290/16099 markets, found 2954 unique whales
2025-11-12 23:10:40,879 - UsersManager - INFO -   Processed 300/16099 markets, found 2954 unique whales
2025-11-12 23:10:41,619 - UsersManager - INFO -   Processed 310/16099 markets, found 2954 unique whales
2025-11-12 23:10:42,783 - UsersManager - INFO -   Processed 320/16099 markets, found 2954 unique whales
2025-11-12 23:10:43,552 - UsersManager - INFO -   Processed 330/16099 markets, found 2954 unique whales
2025-11-12 23:10:45,131 - UsersManager - INFO -   Processed 340/16099 markets, found 2954 unique whales
2025-11-12 23:10:46,470 - UsersManager - INFO -   Processed 350/16099 markets, found 2954 unique whales
2025-11-12 23:10:47,249 - UsersManager - INFO -   Processed 360/16099 markets, found 2954 unique whales
2025-11-12 23:10:48,440 - UsersManager - INFO -   Processed 370/16099 markets, found 2954 unique whales
2025-11-12 23:10:49,223 - UsersManager - INFO -   Processed 380/16099 markets, found 2954 unique whales
2025-11-12 23:10:50,412 - UsersManager - INFO -   Processed 390/16099 markets, found 2954 unique whales
2025-11-12 23:10:51,210 - UsersManager - INFO -   Processed 400/16099 markets, found 2954 unique whales
2025-11-12 23:10:52,516 - UsersManager - INFO -   Processed 410/16099 markets, found 2954 unique whales
2025-11-12 23:10:53,318 - UsersManager - INFO -   Processed 420/16099 markets, found 2954 unique whales
2025-11-12 23:10:54,661 - UsersManager - INFO -   Processed 430/16099 markets, found 2954 unique whales
2025-11-12 23:10:55,710 - UsersManager - INFO -   Processed 440/16099 markets, found 2954 unique whales
2025-11-12 23:10:56,326 - UsersManager - INFO -   Processed 450/16099 markets, found 2954 unique whales
2025-11-12 23:10:57,726 - UsersManager - INFO -   Processed 460/16099 markets, found 2954 unique whales
2025-11-12 23:10:58,635 - UsersManager - INFO -   Processed 470/16099 markets, found 2954 unique whales
2025-11-12 23:10:59,775 - UsersManager - INFO -   Processed 480/16099 markets, found 2954 unique whales
2025-11-12 23:11:00,638 - UsersManager - INFO -   Processed 490/16099 markets, found 2954 unique whales
2025-11-12 23:11:01,876 - UsersManager - INFO -   Processed 500/16099 markets, found 2954 unique whales
2025-11-12 23:11:02,730 - UsersManager - INFO -   Processed 510/16099 markets, found 2954 unique whales
2025-11-12 23:11:03,921 - UsersManager - INFO -   Processed 520/16099 markets, found 2954 unique whales
2025-11-12 23:11:05,085 - UsersManager - INFO -   Processed 530/16099 markets, found 2954 unique whales
2025-11-12 23:11:05,863 - UsersManager - INFO -   Processed 540/16099 markets, found 2954 unique whales
2025-11-12 23:11:07,139 - UsersManager - INFO -   Processed 550/16099 markets, found 2954 unique whales
2025-11-12 23:11:08,278 - UsersManager - INFO -   Processed 560/16099 markets, found 2954 unique whales
2025-11-12 23:11:09,218 - UsersManager - INFO -   Processed 570/16099 markets, found 2954 unique whales
2025-11-12 23:11:10,263 - UsersManager - INFO -   Processed 580/16099 markets, found 2954 unique whales
2025-11-12 23:11:11,257 - UsersManager - INFO -   Processed 590/16099 markets, found 2954 unique whales
2025-11-12 23:11:12,287 - UsersManager - INFO -   Processed 600/16099 markets, found 2954 unique whales
2025-11-12 23:11:13,472 - UsersManager - INFO -   Processed 610/16099 markets, found 2954 unique whales
2025-11-12 23:11:14,529 - UsersManager - INFO -   Processed 620/16099 markets, found 2954 unique whales
2025-11-12 23:11:15,334 - UsersManager - INFO -   Processed 630/16099 markets, found 2954 unique whales
2025-11-12 23:11:16,666 - UsersManager - INFO -   Processed 640/16099 markets, found 2954 unique whales
2025-11-12 23:11:18,067 - UsersManager - INFO -   Processed 650/16099 markets, found 2954 unique whales
2025-11-12 23:11:18,713 - UsersManager - INFO -   Processed 660/16099 markets, found 2961 unique whales
2025-11-12 23:11:20,050 - UsersManager - INFO -   Processed 670/16099 markets, found 2971 unique whales
2025-11-12 23:11:20,753 - UsersManager - INFO -   Processed 680/16099 markets, found 2971 unique whales
2025-11-12 23:11:22,097 - UsersManager - INFO -   Processed 690/16099 markets, found 2971 unique whales
2025-11-12 23:11:22,731 - UsersManager - INFO -   Processed 700/16099 markets, found 2971 unique whales
2025-11-12 23:11:23,751 - UsersManager - INFO -   Processed 710/16099 markets, found 2971 unique whales
2025-11-12 23:11:24,600 - UsersManager - INFO -   Processed 720/16099 markets, found 2971 unique whales
2025-11-12 23:11:25,665 - UsersManager - INFO -   Processed 730/16099 markets, found 2971 unique whales
2025-11-12 23:11:26,528 - UsersManager - INFO -   Processed 740/16099 markets, found 2971 unique whales
2025-11-12 23:11:27,620 - UsersManager - INFO -   Processed 750/16099 markets, found 2971 unique whales
2025-11-12 23:11:28,491 - UsersManager - INFO -   Processed 760/16099 markets, found 2971 unique whales
2025-11-12 23:11:29,615 - UsersManager - INFO -   Processed 770/16099 markets, found 2971 unique whales
2025-11-12 23:11:30,455 - UsersManager - INFO -   Processed 780/16099 markets, found 2971 unique whales
2025-11-12 23:11:31,650 - UsersManager - INFO -   Processed 790/16099 markets, found 2971 unique whales
2025-11-12 23:11:32,467 - UsersManager - INFO -   Processed 800/16099 markets, found 2971 unique whales
2025-11-12 23:11:33,607 - UsersManager - INFO -   Processed 810/16099 markets, found 2971 unique whales
2025-11-12 23:11:34,380 - UsersManager - INFO -   Processed 820/16099 markets, found 2971 unique whales
2025-11-12 23:11:35,715 - UsersManager - INFO -   Processed 830/16099 markets, found 2971 unique whales
2025-11-12 23:11:36,351 - UsersManager - INFO -   Processed 840/16099 markets, found 2971 unique whales
2025-11-12 23:11:37,652 - UsersManager - INFO -   Processed 850/16099 markets, found 2971 unique whales
2025-11-12 23:11:38,348 - UsersManager - INFO -   Processed 860/16099 markets, found 2971 unique whales
2025-11-12 23:11:39,645 - UsersManager - INFO -   Processed 870/16099 markets, found 2971 unique whales
2025-11-12 23:11:40,272 - UsersManager - INFO -   Processed 880/16099 markets, found 2971 unique whales
2025-11-12 23:11:41,630 - UsersManager - INFO -   Processed 890/16099 markets, found 2971 unique whales
2025-11-12 23:11:42,256 - UsersManager - INFO -   Processed 900/16099 markets, found 2971 unique whales
2025-11-12 23:11:43,638 - UsersManager - INFO -   Processed 910/16099 markets, found 2971 unique whales
2025-11-12 23:11:44,447 - UsersManager - INFO -   Processed 920/16099 markets, found 2971 unique whales
2025-11-12 23:11:45,561 - UsersManager - INFO -   Processed 930/16099 markets, found 2971 unique whales
2025-11-12 23:11:46,466 - UsersManager - INFO -   Processed 940/16099 markets, found 2971 unique whales
2025-11-12 23:11:47,592 - UsersManager - INFO -   Processed 950/16099 markets, found 2971 unique whales
2025-11-12 23:11:48,415 - UsersManager - INFO -   Processed 960/16099 markets, found 2971 unique whales
2025-11-12 23:11:49,583 - UsersManager - INFO -   Processed 970/16099 markets, found 2971 unique whales
2025-11-12 23:11:50,417 - UsersManager - INFO -   Processed 980/16099 markets, found 2971 unique whales
2025-11-12 23:11:51,535 - UsersManager - INFO -   Processed 990/16099 markets, found 2971 unique whales
2025-11-12 23:11:52,401 - UsersManager - INFO -   Processed 1000/16099 markets, found 2971 unique whales
2025-11-12 23:11:53,528 - UsersManager - INFO -   Processed 1010/16099 markets, found 2971 unique whales
2025-11-12 23:11:54,327 - UsersManager - INFO -   Processed 1020/16099 markets, found 2971 unique whales
2025-11-12 23:11:55,514 - UsersManager - INFO -   Processed 1030/16099 markets, found 2971 unique whales
2025-11-12 23:11:56,281 - UsersManager - INFO -   Processed 1040/16099 markets, found 2971 unique whales
2025-11-12 23:11:57,541 - UsersManager - INFO -   Processed 1050/16099 markets, found 2971 unique whales
2025-11-12 23:11:58,219 - UsersManager - INFO -   Processed 1060/16099 markets, found 2971 unique whales
2025-11-12 23:11:59,497 - UsersManager - INFO -   Processed 1070/16099 markets, found 2971 unique whales
2025-11-12 23:12:00,179 - UsersManager - INFO -   Processed 1080/16099 markets, found 2971 unique whales
2025-11-12 23:12:01,479 - UsersManager - INFO -   Processed 1090/16099 markets, found 2971 unique whales
2025-11-12 23:12:02,144 - UsersManager - INFO -   Processed 1100/16099 markets, found 2971 unique whales
2025-11-12 23:12:03,496 - UsersManager - INFO -   Processed 1110/16099 markets, found 2971 unique whales
2025-11-12 23:12:04,135 - UsersManager - INFO -   Processed 1120/16099 markets, found 2971 unique whales
2025-11-12 23:12:05,434 - UsersManager - INFO -   Processed 1130/16099 markets, found 2971 unique whales
2025-11-12 23:12:06,120 - UsersManager - INFO -   Processed 1140/16099 markets, found 2971 unique whales
2025-11-12 23:12:07,375 - UsersManager - INFO -   Processed 1150/16099 markets, found 2971 unique whales
2025-11-12 23:12:08,150 - UsersManager - INFO -   Processed 1160/16099 markets, found 2971 unique whales
2025-11-12 23:12:09,373 - UsersManager - INFO -   Processed 1170/16099 markets, found 2971 unique whales
2025-11-12 23:12:10,179 - UsersManager - INFO -   Processed 1180/16099 markets, found 2971 unique whales
2025-11-12 23:12:11,384 - UsersManager - INFO -   Processed 1190/16099 markets, found 2971 unique whales
2025-11-12 23:12:12,173 - UsersManager - INFO -   Processed 1200/16099 markets, found 2971 unique whales
2025-11-12 23:12:13,358 - UsersManager - INFO -   Processed 1210/16099 markets, found 2971 unique whales
2025-11-12 23:12:14,129 - UsersManager - INFO -   Processed 1220/16099 markets, found 2971 unique whales
2025-11-12 23:12:15,361 - UsersManager - INFO -   Processed 1230/16099 markets, found 2971 unique whales
2025-11-12 23:12:16,152 - UsersManager - INFO -   Processed 1240/16099 markets, found 2971 unique whales
2025-11-12 23:12:17,461 - UsersManager - INFO -   Processed 1250/16099 markets, found 2971 unique whales
2025-11-12 23:12:18,183 - UsersManager - INFO -   Processed 1260/16099 markets, found 2971 unique whales
2025-11-12 23:12:19,383 - UsersManager - INFO -   Processed 1270/16099 markets, found 2971 unique whales
2025-11-12 23:12:20,154 - UsersManager - INFO -   Processed 1280/16099 markets, found 2971 unique whales
2025-11-12 23:12:21,343 - UsersManager - INFO -   Processed 1290/16099 markets, found 2971 unique whales
2025-11-12 23:12:22,133 - UsersManager - INFO -   Processed 1300/16099 markets, found 2971 unique whales
2025-11-12 23:12:23,317 - UsersManager - INFO -   Processed 1310/16099 markets, found 2971 unique whales
2025-11-12 23:12:24,133 - UsersManager - INFO -   Processed 1320/16099 markets, found 2971 unique whales
2025-11-12 23:12:25,372 - UsersManager - INFO -   Processed 1330/16099 markets, found 2971 unique whales
2025-11-12 23:12:26,223 - UsersManager - INFO -   Processed 1340/16099 markets, found 2971 unique whales
2025-11-12 23:12:27,359 - UsersManager - INFO -   Processed 1350/16099 markets, found 2971 unique whales
2025-11-12 23:12:28,129 - UsersManager - INFO -   Processed 1360/16099 markets, found 2971 unique whales
2025-11-12 23:12:29,360 - UsersManager - INFO -   Processed 1370/16099 markets, found 2971 unique whales
2025-11-12 23:12:30,108 - UsersManager - INFO -   Processed 1380/16099 markets, found 2971 unique whales
2025-11-12 23:12:31,239 - UsersManager - INFO -   Processed 1390/16099 markets, found 2971 unique whales
2025-11-12 23:12:32,112 - UsersManager - INFO -   Processed 1400/16099 markets, found 2971 unique whales
2025-11-12 23:12:33,256 - UsersManager - INFO -   Processed 1410/16099 markets, found 2971 unique whales
2025-11-12 23:12:34,099 - UsersManager - INFO -   Processed 1420/16099 markets, found 2971 unique whales
2025-11-12 23:12:35,165 - UsersManager - INFO -   Processed 1430/16099 markets, found 2971 unique whales
2025-11-12 23:12:36,267 - UsersManager - INFO -   Processed 1440/16099 markets, found 2971 unique whales
2025-11-12 23:12:37,127 - UsersManager - INFO -   Processed 1450/16099 markets, found 2971 unique whales
2025-11-12 23:12:38,234 - UsersManager - INFO -   Processed 1460/16099 markets, found 2971 unique whales
2025-11-12 23:12:39,121 - UsersManager - INFO -   Processed 1470/16099 markets, found 2971 unique whales
2025-11-12 23:12:40,282 - UsersManager - INFO -   Processed 1480/16099 markets, found 2971 unique whales
2025-11-12 23:12:41,105 - UsersManager - INFO -   Processed 1490/16099 markets, found 2971 unique whales
2025-11-12 23:12:42,243 - UsersManager - INFO -   Processed 1500/16099 markets, found 2971 unique whales
2025-11-12 23:12:43,126 - UsersManager - INFO -   Processed 1510/16099 markets, found 2971 unique whales
2025-11-12 23:12:44,434 - UsersManager - INFO -   Processed 1520/16099 markets, found 2971 unique whales
2025-11-12 23:12:45,030 - UsersManager - INFO -   Processed 1530/16099 markets, found 2971 unique whales
2025-11-12 23:12:46,436 - UsersManager - INFO -   Processed 1540/16099 markets, found 2971 unique whales
2025-11-12 23:12:46,940 - UsersManager - INFO -   Processed 1550/16099 markets, found 2971 unique whales
2025-11-12 23:12:48,408 - UsersManager - INFO -   Processed 1560/16099 markets, found 2971 unique whales
2025-11-12 23:12:49,002 - UsersManager - INFO -   Processed 1570/16099 markets, found 2971 unique whales
2025-11-12 23:12:50,384 - UsersManager - INFO -   Processed 1580/16099 markets, found 2971 unique whales
2025-11-12 23:12:50,992 - UsersManager - INFO -   Processed 1590/16099 markets, found 2971 unique whales
2025-11-12 23:12:52,364 - UsersManager - INFO -   Processed 1600/16099 markets, found 2971 unique whales
2025-11-12 23:12:52,883 - UsersManager - INFO -   Processed 1610/16099 markets, found 2971 unique whales
2025-11-12 23:12:54,358 - UsersManager - INFO -   Processed 1620/16099 markets, found 2971 unique whales
2025-11-12 23:12:54,880 - UsersManager - INFO -   Processed 1630/16099 markets, found 2971 unique whales
2025-11-12 23:12:56,330 - UsersManager - INFO -   Processed 1640/16099 markets, found 2971 unique whales
2025-11-12 23:12:56,832 - UsersManager - INFO -   Processed 1650/16099 markets, found 2971 unique whales
2025-11-12 23:12:58,342 - UsersManager - INFO -   Processed 1660/16099 markets, found 2971 unique whales
2025-11-12 23:12:58,824 - UsersManager - INFO -   Processed 1670/16099 markets, found 2971 unique whales
2025-11-12 23:13:00,324 - UsersManager - INFO -   Processed 1680/16099 markets, found 2971 unique whales
2025-11-12 23:13:00,884 - UsersManager - INFO -   Processed 1690/16099 markets, found 2971 unique whales
2025-11-12 23:13:02,295 - UsersManager - INFO -   Processed 1700/16099 markets, found 2971 unique whales
2025-11-12 23:13:02,852 - UsersManager - INFO -   Processed 1710/16099 markets, found 2971 unique whales
2025-11-12 23:13:04,414 - UsersManager - INFO -   Processed 1720/16099 markets, found 2971 unique whales
2025-11-12 23:13:04,896 - UsersManager - INFO -   Processed 1730/16099 markets, found 2971 unique whales
2025-11-12 23:13:06,330 - UsersManager - INFO -   Processed 1740/16099 markets, found 2971 unique whales
2025-11-12 23:13:06,850 - UsersManager - INFO -   Processed 1750/16099 markets, found 2971 unique whales
2025-11-12 23:13:08,337 - UsersManager - INFO -   Processed 1760/16099 markets, found 2971 unique whales
2025-11-12 23:13:08,769 - UsersManager - INFO -   Processed 1770/16099 markets, found 2971 unique whales
2025-11-12 23:13:10,361 - UsersManager - INFO -   Processed 1780/16099 markets, found 2971 unique whales
2025-11-12 23:13:10,774 - UsersManager - INFO -   Processed 1790/16099 markets, found 2971 unique whales
2025-11-12 23:13:12,354 - UsersManager - INFO -   Processed 1800/16099 markets, found 2971 unique whales
2025-11-12 23:13:12,726 - UsersManager - INFO -   Processed 1810/16099 markets, found 2971 unique whales
2025-11-12 23:13:14,313 - UsersManager - INFO -   Processed 1820/16099 markets, found 2971 unique whales
2025-11-12 23:13:14,724 - UsersManager - INFO -   Processed 1830/16099 markets, found 2971 unique whales
2025-11-12 23:13:16,352 - UsersManager - INFO -   Processed 1840/16099 markets, found 2971 unique whales
2025-11-12 23:13:16,759 - UsersManager - INFO -   Processed 1850/16099 markets, found 2971 unique whales
2025-11-12 23:13:18,320 - UsersManager - INFO -   Processed 1860/16099 markets, found 2971 unique whales
2025-11-12 23:13:18,712 - UsersManager - INFO -   Processed 1870/16099 markets, found 2971 unique whales
2025-11-12 23:13:20,317 - UsersManager - INFO -   Processed 1880/16099 markets, found 2971 unique whales
2025-11-12 23:13:20,697 - UsersManager - INFO -   Processed 1890/16099 markets, found 2971 unique whales
2025-11-12 23:13:22,298 - UsersManager - INFO -   Processed 1900/16099 markets, found 2971 unique whales
2025-11-12 23:13:22,585 - UsersManager - INFO -   Processed 1910/16099 markets, found 2971 unique whales
2025-11-12 23:13:24,151 - UsersManager - INFO -   Processed 1920/16099 markets, found 2971 unique whales
2025-11-12 23:13:24,543 - UsersManager - INFO -   Processed 1930/16099 markets, found 2971 unique whales
2025-11-12 23:13:26,064 - UsersManager - INFO -   Processed 1940/16099 markets, found 2971 unique whales
2025-11-12 23:13:26,568 - UsersManager - INFO -   Processed 1950/16099 markets, found 2971 unique whales
2025-11-12 23:13:28,174 - UsersManager - INFO -   Processed 1960/16099 markets, found 2971 unique whales
2025-11-12 23:13:28,602 - UsersManager - INFO -   Processed 1970/16099 markets, found 2971 unique whales
2025-11-12 23:13:30,300 - UsersManager - INFO -   Processed 1980/16099 markets, found 2971 unique whales
2025-11-12 23:13:30,601 - UsersManager - INFO -   Processed 1990/16099 markets, found 2971 unique whales
2025-11-12 23:13:32,358 - UsersManager - INFO -   Processed 2000/16099 markets, found 2971 unique whales
2025-11-12 23:13:32,753 - UsersManager - INFO -   Processed 2010/16099 markets, found 2971 unique whales
2025-11-12 23:13:34,370 - UsersManager - INFO -   Processed 2020/16099 markets, found 2971 unique whales
2025-11-12 23:13:34,868 - UsersManager - INFO -   Processed 2030/16099 markets, found 2971 unique whales
2025-11-12 23:13:36,361 - UsersManager - INFO -   Processed 2040/16099 markets, found 2971 unique whales
2025-11-12 23:13:36,963 - UsersManager - INFO -   Processed 2050/16099 markets, found 2971 unique whales
2025-11-12 23:13:38,421 - UsersManager - INFO -   Processed 2060/16099 markets, found 2971 unique whales
2025-11-12 23:13:39,214 - UsersManager - INFO -   Processed 2070/16099 markets, found 2971 unique whales
2025-11-12 23:13:40,347 - UsersManager - INFO -   Processed 2080/16099 markets, found 2971 unique whales
2025-11-12 23:13:41,276 - UsersManager - INFO -   Processed 2090/16099 markets, found 2971 unique whales
2025-11-12 23:13:42,432 - UsersManager - INFO -   Processed 2100/16099 markets, found 2971 unique whales
2025-11-12 23:13:43,329 - UsersManager - INFO -   Processed 2110/16099 markets, found 2971 unique whales
2025-11-12 23:13:44,497 - UsersManager - INFO -   Processed 2120/16099 markets, found 2971 unique whales
2025-11-12 23:13:45,277 - UsersManager - INFO -   Processed 2130/16099 markets, found 2971 unique whales
2025-11-12 23:13:46,501 - UsersManager - INFO -   Processed 2140/16099 markets, found 2971 unique whales
2025-11-12 23:13:47,749 - UsersManager - INFO -   Processed 2150/16099 markets, found 2971 unique whales
2025-11-12 23:13:48,400 - UsersManager - INFO -   Processed 2160/16099 markets, found 2971 unique whales
2025-11-12 23:13:49,873 - UsersManager - INFO -   Processed 2170/16099 markets, found 2971 unique whales
2025-11-12 23:13:50,402 - UsersManager - INFO -   Processed 2180/16099 markets, found 2971 unique whales
2025-11-12 23:13:51,882 - UsersManager - INFO -   Processed 2190/16099 markets, found 2971 unique whales
2025-11-12 23:13:52,464 - UsersManager - INFO -   Processed 2200/16099 markets, found 2971 unique whales
2025-11-12 23:13:53,843 - UsersManager - INFO -   Processed 2210/16099 markets, found 2971 unique whales
2025-11-12 23:13:54,820 - UsersManager - INFO -   Processed 2220/16099 markets, found 2971 unique whales
2025-11-12 23:13:56,193 - UsersManager - INFO -   Processed 2230/16099 markets, found 2971 unique whales
2025-11-12 23:13:57,127 - UsersManager - INFO -   Processed 2240/16099 markets, found 2971 unique whales
2025-11-12 23:13:58,166 - UsersManager - INFO -   Processed 2250/16099 markets, found 2971 unique whales
2025-11-12 23:13:59,162 - UsersManager - INFO -   Processed 2260/16099 markets, found 2971 unique whales
2025-11-12 23:14:00,185 - UsersManager - INFO -   Processed 2270/16099 markets, found 2971 unique whales
2025-11-12 23:14:01,127 - UsersManager - INFO -   Processed 2280/16099 markets, found 2971 unique whales
2025-11-12 23:14:02,211 - UsersManager - INFO -   Processed 2290/16099 markets, found 2971 unique whales
2025-11-12 23:14:03,505 - UsersManager - INFO -   Processed 2300/16099 markets, found 2971 unique whales
2025-11-12 23:14:04,454 - UsersManager - INFO -   Processed 2310/16099 markets, found 2971 unique whales
2025-11-12 23:14:05,429 - UsersManager - INFO -   Processed 2320/16099 markets, found 2971 unique whales
2025-11-12 23:14:06,432 - UsersManager - INFO -   Processed 2330/16099 markets, found 2971 unique whales
2025-11-12 23:14:07,520 - UsersManager - INFO -   Processed 2340/16099 markets, found 2971 unique whales
2025-11-12 23:14:08,485 - UsersManager - INFO -   Processed 2350/16099 markets, found 2971 unique whales
2025-11-12 23:14:09,524 - UsersManager - INFO -   Processed 2360/16099 markets, found 2971 unique whales
2025-11-12 23:14:10,497 - UsersManager - INFO -   Processed 2370/16099 markets, found 2971 unique whales
2025-11-12 23:14:11,636 - UsersManager - INFO -   Processed 2380/16099 markets, found 2971 unique whales
2025-11-12 23:14:12,450 - UsersManager - INFO -   Processed 2390/16099 markets, found 2971 unique whales
2025-11-12 23:14:13,624 - UsersManager - INFO -   Processed 2400/16099 markets, found 2971 unique whales
2025-11-12 23:14:14,627 - UsersManager - INFO -   Processed 2410/16099 markets, found 2971 unique whales
2025-11-12 23:14:16,014 - UsersManager - INFO -   Processed 2420/16099 markets, found 2971 unique whales
2025-11-12 23:14:16,773 - UsersManager - INFO -   Processed 2430/16099 markets, found 2971 unique whales
2025-11-12 23:14:18,088 - UsersManager - INFO -   Processed 2440/16099 markets, found 2971 unique whales
2025-11-12 23:14:18,815 - UsersManager - INFO -   Processed 2450/16099 markets, found 2971 unique whales
2025-11-12 23:14:20,044 - UsersManager - INFO -   Processed 2460/16099 markets, found 2971 unique whales
2025-11-12 23:14:21,223 - UsersManager - INFO -   Processed 2470/16099 markets, found 2971 unique whales
2025-11-12 23:14:22,362 - UsersManager - INFO -   Processed 2480/16099 markets, found 2971 unique whales
2025-11-12 23:14:23,250 - UsersManager - INFO -   Processed 2490/16099 markets, found 2971 unique whales
2025-11-12 23:14:24,481 - UsersManager - INFO -   Processed 2500/16099 markets, found 2971 unique whales
2025-11-12 23:14:25,298 - UsersManager - INFO -   Processed 2510/16099 markets, found 2971 unique whales
2025-11-12 23:14:26,565 - UsersManager - INFO -   Processed 2520/16099 markets, found 2971 unique whales
2025-11-12 23:14:27,649 - UsersManager - INFO -   Processed 2530/16099 markets, found 2971 unique whales
2025-11-12 23:14:28,562 - UsersManager - INFO -   Processed 2540/16099 markets, found 2971 unique whales
2025-11-12 23:14:29,723 - UsersManager - INFO -   Processed 2550/16099 markets, found 2971 unique whales
2025-11-12 23:14:30,652 - UsersManager - INFO -   Processed 2560/16099 markets, found 2971 unique whales
2025-11-12 23:14:32,007 - UsersManager - INFO -   Processed 2570/16099 markets, found 2971 unique whales
2025-11-12 23:14:33,203 - UsersManager - INFO -   Processed 2580/16099 markets, found 2971 unique whales
2025-11-12 23:14:34,394 - UsersManager - INFO -   Processed 2590/16099 markets, found 2971 unique whales
2025-11-12 23:14:35,289 - UsersManager - INFO -   Processed 2600/16099 markets, found 2971 unique whales
2025-11-12 23:14:36,478 - UsersManager - INFO -   Processed 2610/16099 markets, found 2971 unique whales
2025-11-12 23:14:37,509 - UsersManager - INFO -   Processed 2620/16099 markets, found 2971 unique whales
2025-11-12 23:14:38,321 - UsersManager - INFO -   Processed 2630/16099 markets, found 2971 unique whales
2025-11-12 23:14:39,465 - UsersManager - INFO -   Processed 2640/16099 markets, found 2971 unique whales
2025-11-12 23:14:40,552 - UsersManager - INFO -   Processed 2650/16099 markets, found 2971 unique whales
2025-11-12 23:14:41,728 - UsersManager - INFO -   Processed 2660/16099 markets, found 2971 unique whales
2025-11-12 23:14:42,810 - UsersManager - INFO -   Processed 2670/16099 markets, found 2971 unique whales
2025-11-12 23:14:44,160 - UsersManager - INFO -   Processed 2680/16099 markets, found 2971 unique whales
2025-11-12 23:14:45,015 - UsersManager - INFO -   Processed 2690/16099 markets, found 2971 unique whales
2025-11-12 23:14:46,417 - UsersManager - INFO -   Processed 2700/16099 markets, found 2971 unique whales
2025-11-12 23:14:47,220 - UsersManager - INFO -   Processed 2710/16099 markets, found 2971 unique whales
2025-11-12 23:14:48,418 - UsersManager - INFO -   Processed 2720/16099 markets, found 2975 unique whales
2025-11-12 23:14:49,200 - UsersManager - INFO -   Processed 2730/16099 markets, found 2975 unique whales
2025-11-12 23:14:50,407 - UsersManager - INFO -   Processed 2740/16099 markets, found 2975 unique whales
2025-11-12 23:14:51,431 - UsersManager - INFO -   Processed 2750/16099 markets, found 2975 unique whales
2025-11-12 23:14:52,396 - UsersManager - INFO -   Processed 2760/16099 markets, found 2975 unique whales
2025-11-12 23:14:53,459 - UsersManager - INFO -   Processed 2770/16099 markets, found 2975 unique whales
2025-11-12 23:14:54,415 - UsersManager - INFO -   Processed 2780/16099 markets, found 2975 unique whales
2025-11-12 23:14:55,624 - UsersManager - INFO -   Processed 2790/16099 markets, found 2975 unique whales
2025-11-12 23:14:56,504 - UsersManager - INFO -   Processed 2800/16099 markets, found 2975 unique whales
2025-11-12 23:14:58,016 - UsersManager - INFO -   Processed 2810/16099 markets, found 2975 unique whales
2025-11-12 23:14:58,548 - UsersManager - INFO -   Processed 2820/16099 markets, found 2975 unique whales
2025-11-12 23:15:00,026 - UsersManager - INFO -   Processed 2830/16099 markets, found 2975 unique whales
2025-11-12 23:15:00,896 - UsersManager - INFO -   Processed 2840/16099 markets, found 2975 unique whales
2025-11-12 23:15:02,032 - UsersManager - INFO -   Processed 2850/16099 markets, found 2975 unique whales
2025-11-12 23:15:02,959 - UsersManager - INFO -   Processed 2860/16099 markets, found 2975 unique whales
2025-11-12 23:15:04,096 - UsersManager - INFO -   Processed 2870/16099 markets, found 2975 unique whales
2025-11-12 23:15:04,927 - UsersManager - INFO -   Processed 2880/16099 markets, found 2975 unique whales
2025-11-12 23:15:06,074 - UsersManager - INFO -   Processed 2890/16099 markets, found 2975 unique whales
2025-11-12 23:15:07,012 - UsersManager - INFO -   Processed 2900/16099 markets, found 2975 unique whales
2025-11-12 23:15:08,408 - UsersManager - INFO -   Processed 2910/16099 markets, found 2975 unique whales
2025-11-12 23:15:09,012 - UsersManager - INFO -   Processed 2920/16099 markets, found 2975 unique whales
2025-11-12 23:15:10,424 - UsersManager - INFO -   Processed 2930/16099 markets, found 2975 unique whales
2025-11-12 23:15:11,067 - UsersManager - INFO -   Processed 2940/16099 markets, found 2975 unique whales
2025-11-12 23:15:12,425 - UsersManager - INFO -   Processed 2950/16099 markets, found 2975 unique whales
2025-11-12 23:15:13,129 - UsersManager - INFO -   Processed 2960/16099 markets, found 2975 unique whales
2025-11-12 23:15:14,427 - UsersManager - INFO -   Processed 2970/16099 markets, found 2975 unique whales
2025-11-12 23:15:15,333 - UsersManager - INFO -   Processed 2980/16099 markets, found 2975 unique whales
2025-11-12 23:15:16,441 - UsersManager - INFO -   Processed 2990/16099 markets, found 2975 unique whales
2025-11-12 23:15:17,462 - UsersManager - INFO -   Processed 3000/16099 markets, found 2975 unique whales
2025-11-12 23:15:18,446 - UsersManager - INFO -   Processed 3010/16099 markets, found 2975 unique whales
2025-11-12 23:15:19,539 - UsersManager - INFO -   Processed 3020/16099 markets, found 2975 unique whales
2025-11-12 23:15:20,514 - UsersManager - INFO -   Processed 3030/16099 markets, found 2975 unique whales
2025-11-12 23:15:21,711 - UsersManager - INFO -   Processed 3040/16099 markets, found 2975 unique whales
2025-11-12 23:15:22,511 - UsersManager - INFO -   Processed 3050/16099 markets, found 2992 unique whales
